<?xml version="1.0" encoding="UTF-8"?>
<!-- Generated by org.testng.reporters.JUnitXMLReporter -->
<testsuite ignored="3" hostname="PMJ" failures="0" tests="1" name="Default test" time="11.839" errors="0" timestamp="2022-11-26T09:16:42 IST">
  <testcase classname="Framework.TestNGframework" name="Validatelogin" time="3.893"/>
  <testcase classname="Framework.TestNGframework" name="validatelogo" time="0.0">
    <ignored/>
  </testcase> <!-- validatelogo -->
  <testcase classname="Framework.TestNGframework" name="validategettitle" time="0.0">
    <ignored/>
  </testcase> <!-- validategettitle -->
  <testcase classname="Framework.TestNGframework" name="forgetpassword" time="0.0">
    <ignored/>
  </testcase> <!-- forgetpassword -->
</testsuite> <!-- Default test -->
