<?xml version="1.0" encoding="UTF-8"?>
<!-- Generated by org.testng.reporters.JUnitXMLReporter -->
<testsuite ignored="0" hostname="PMJ" failures="1" tests="4" name="Test" time="42.905" errors="0" timestamp="2022-11-26T09:17:33 IST">
  <testcase classname="Framework.TestNGframework" name="Validatelogin" time="3.992"/>
  <testcase classname="Framework.TestNGframework" name="forgetpassword" time="4.842"/>
  <testcase classname="Framework.TestNGframework" name="validategettitle" time="0.018"/>
  <testcase classname="Framework.TestNGframework" name="validatelogo" time="0.697">
    <failure type="java.lang.AssertionError" message="expected [true] but found [false]">
      <![CDATA[java.lang.AssertionError: expected [true] but found [false]
at Framework.TestNGframework.validatelogo(TestNGframework.java:35)
at java.base/java.util.ArrayList.forEach(ArrayList.java:1511)
... Removed 31 stack frames]]>
    </failure>
  </testcase> <!-- validatelogo -->
</testsuite> <!-- Test -->
