<?xml version="1.0" encoding="UTF-8"?>
<!-- Generated by org.testng.reporters.JUnitXMLReporter -->
<testsuite ignored="0" hostname="PMJ" failures="1" tests="4" name="Test" time="36.572" errors="0" timestamp="26 Nov 2022 03:51:50 GMT">
  <testcase classname="Framework.TestNGframework" name="Validatelogin" time="4.071"/>
  <testcase classname="Framework.TestNGframework" name="forgetpassword" time="4.079"/>
  <testcase classname="Framework.TestNGframework" name="validategettitle" time="0.007"/>
  <testcase classname="Framework.TestNGframework" name="validatelogo" time="0.571">
    <failure type="java.lang.AssertionError" message="expected [true] but found [false]">
      <![CDATA[java.lang.AssertionError: expected [true] but found [false]
at Framework.TestNGframework.validatelogo(TestNGframework.java:35)
... Removed 33 stack frames]]>
    </failure>
  </testcase> <!-- validatelogo -->
</testsuite> <!-- Test -->
